<?xml version="1.0" encoding="UTF-8"?>
<!-- Generated by org.testng.reporters.JUnitXMLReporter -->
<testsuite ignored="0" hostname="tama" failures="0" tests="12" name="Default test" time="89.59" errors="0" timestamp="2025-05-05T17:10:49 GMT+03:00">
  <testcase classname="Alomsafer_TestCases" name="checkTheDefaultLanguageIsEnglish" time="0.03"/>
  <testcase classname="Alomsafer_TestCases" name="checkTheDefaultCurrency" time="0.032"/>
  <testcase classname="Alomsafer_TestCases" name="checkContactNumber" time="0.036"/>
  <testcase classname="Alomsafer_TestCases" name="checkQitafLogo" time="5.003"/>
  <testcase classname="Alomsafer_TestCases" name="checkHotelsTabNotDefault" time="0.026"/>
  <testcase classname="Alomsafer_TestCases" name="checkFlightsDepartureDate" time="0.039"/>
  <testcase classname="Alomsafer_TestCases" name="checkFlightsReturnDate" time="0.095"/>
  <testcase classname="Alomsafer_TestCases" name="chooseRandomLanguage" time="2.873"/>
  <testcase classname="Alomsafer_TestCases" name="staysTab" time="1.716"/>
  <testcase classname="Alomsafer_TestCases" name="stayLocation" time="1.303"/>
  <testcase classname="Alomsafer_TestCases" name="selectRandomRoom_And_GuestOptions" time="0.149"/>
  <testcase classname="Alomsafer_TestCases" name="searchHotelsResultsPage" time="76.67"/>
</testsuite> <!-- Default test -->
