<?xml version="1.0" encoding="UTF-8"?>
<!-- Generated by org.testng.reporters.JUnitXMLReporter -->
<testsuite ignored="0" hostname="tama" failures="0" tests="12" name="Default test" time="56.665" errors="0" timestamp="2025-05-05T17:04:55 GMT+03:00">
  <testcase classname="Alomsafer_TestCases" name="checkTheDefaultLanguageIsEnglish" time="0.033"/>
  <testcase classname="Alomsafer_TestCases" name="checkTheDefaultCurrency" time="0.03"/>
  <testcase classname="Alomsafer_TestCases" name="checkContactNumber" time="0.033"/>
  <testcase classname="Alomsafer_TestCases" name="checkQitafLogo" time="5.19"/>
  <testcase classname="Alomsafer_TestCases" name="checkHotelsTabNotDefault" time="0.025"/>
  <testcase classname="Alomsafer_TestCases" name="checkFlightsDepartureDate" time="0.045"/>
  <testcase classname="Alomsafer_TestCases" name="checkFlightsReturnDate" time="0.052"/>
  <testcase classname="Alomsafer_TestCases" name="chooseRandomLanguage" time="0.015"/>
  <testcase classname="Alomsafer_TestCases" name="staysTab" time="2.093"/>
  <testcase classname="Alomsafer_TestCases" name="stayLocation" time="1.304"/>
  <testcase classname="Alomsafer_TestCases" name="selectRandomRoom_And_GuestOptions" time="0.148"/>
  <testcase classname="Alomsafer_TestCases" name="searchHotelsResultsPage" time="45.907"/>
</testsuite> <!-- Default test -->
